c:\users\seiko santana\downloads\lf2-ai-scriptengine-master\lf2-ai-scriptengine-master\debug\vc141.pdb
c:\users\seiko santana\downloads\lf2-ai-scriptengine-master\lf2-ai-scriptengine-master\debug\myiddrawpalette.obj
c:\users\seiko santana\downloads\lf2-ai-scriptengine-master\lf2-ai-scriptengine-master\debug\myiddraw7.obj
c:\users\seiko santana\downloads\lf2-ai-scriptengine-master\lf2-ai-scriptengine-master\debug\gameenums.obj
c:\users\seiko santana\downloads\lf2-ai-scriptengine-master\lf2-ai-scriptengine-master\debug\gamearrays.obj
c:\users\seiko santana\downloads\lf2-ai-scriptengine-master\lf2-ai-scriptengine-master\debug\ddwrapper.obj
c:\users\seiko santana\downloads\lf2-ai-scriptengine-master\lf2-ai-scriptengine-master\debug\scriptstdstring_utils.obj
c:\users\seiko santana\downloads\lf2-ai-scriptengine-master\lf2-ai-scriptengine-master\debug\scriptstdstring.obj
c:\users\seiko santana\downloads\lf2-ai-scriptengine-master\lf2-ai-scriptengine-master\debug\scriptmathcomplex.obj
c:\users\seiko santana\downloads\lf2-ai-scriptengine-master\lf2-ai-scriptengine-master\debug\scriptmath.obj
c:\users\seiko santana\downloads\lf2-ai-scriptengine-master\lf2-ai-scriptengine-master\debug\scriptmath3d.obj
c:\users\seiko santana\downloads\lf2-ai-scriptengine-master\lf2-ai-scriptengine-master\debug\scriptbuilder.obj
c:\users\seiko santana\downloads\lf2-ai-scriptengine-master\lf2-ai-scriptengine-master\debug\scriptarray.obj
c:\users\seiko santana\downloads\lf2-ai-scriptengine-master\lf2-ai-scriptengine-master\debug\ddwrapper.exp
c:\users\seiko santana\downloads\lf2-ai-scriptengine-master\lf2-ai-scriptengine-master\debug\ddwrapper.tlog\cl.command.1.tlog
c:\users\seiko santana\downloads\lf2-ai-scriptengine-master\lf2-ai-scriptengine-master\debug\ddwrapper.tlog\cl.read.1.tlog
c:\users\seiko santana\downloads\lf2-ai-scriptengine-master\lf2-ai-scriptengine-master\debug\ddwrapper.tlog\cl.write.1.tlog
c:\users\seiko santana\downloads\lf2-ai-scriptengine-master\lf2-ai-scriptengine-master\debug\ddwrapper.tlog\link.command.1.tlog
c:\users\seiko santana\downloads\lf2-ai-scriptengine-master\lf2-ai-scriptengine-master\debug\ddwrapper.tlog\link.read.1.tlog
c:\users\seiko santana\downloads\lf2-ai-scriptengine-master\lf2-ai-scriptengine-master\debug\ddwrapper.tlog\link.write.1.tlog
