c:\users\seiko santana\downloads\lf2-ai-scriptengine-master\lf2-ai-scriptengine-master\release\vc141.pdb
c:\users\seiko santana\downloads\lf2-ai-scriptengine-master\lf2-ai-scriptengine-master\release\myiddrawpalette.obj
c:\users\seiko santana\downloads\lf2-ai-scriptengine-master\lf2-ai-scriptengine-master\release\myiddraw7.obj
c:\users\seiko santana\downloads\lf2-ai-scriptengine-master\lf2-ai-scriptengine-master\release\gameenums.obj
c:\users\seiko santana\downloads\lf2-ai-scriptengine-master\lf2-ai-scriptengine-master\release\gamearrays.obj
c:\users\seiko santana\downloads\lf2-ai-scriptengine-master\lf2-ai-scriptengine-master\release\ddwrapper.obj
c:\users\seiko santana\downloads\lf2-ai-scriptengine-master\lf2-ai-scriptengine-master\release\scriptstdstring_utils.obj
c:\users\seiko santana\downloads\lf2-ai-scriptengine-master\lf2-ai-scriptengine-master\release\scriptstdstring.obj
c:\users\seiko santana\downloads\lf2-ai-scriptengine-master\lf2-ai-scriptengine-master\release\scriptmathcomplex.obj
c:\users\seiko santana\downloads\lf2-ai-scriptengine-master\lf2-ai-scriptengine-master\release\scriptmath.obj
c:\users\seiko santana\downloads\lf2-ai-scriptengine-master\lf2-ai-scriptengine-master\release\scriptmath3d.obj
c:\users\seiko santana\downloads\lf2-ai-scriptengine-master\lf2-ai-scriptengine-master\release\scriptbuilder.obj
c:\users\seiko santana\downloads\lf2-ai-scriptengine-master\lf2-ai-scriptengine-master\release\scriptarray.obj
c:\users\seiko santana\downloads\lf2-ai-scriptengine-master\lf2-ai-scriptengine-master\release\ddwrapper.lib
c:\users\seiko santana\downloads\lf2-ai-scriptengine-master\lf2-ai-scriptengine-master\release\ddwrapper.exp
c:\users\seiko santana\downloads\lf2-ai-scriptengine-master\lf2-ai-scriptengine-master\release\ddraw.dll
d:\new folder\lf2-ai-scriptengine-master\lf2-ai-scriptengine\release\ddwrapper.obj
d:\new folder\lf2-ai-scriptengine-master\lf2-ai-scriptengine\release\gamearrays.obj
d:\new folder\lf2-ai-scriptengine-master\lf2-ai-scriptengine\release\gameenums.obj
d:\new folder\lf2-ai-scriptengine-master\lf2-ai-scriptengine\release\myiddraw7.obj
d:\new folder\lf2-ai-scriptengine-master\lf2-ai-scriptengine\release\myiddrawpalette.obj
d:\new folder\lf2-ai-scriptengine-master\lf2-ai-scriptengine\release\scriptarray.obj
d:\new folder\lf2-ai-scriptengine-master\lf2-ai-scriptengine\release\scriptbuilder.obj
d:\new folder\lf2-ai-scriptengine-master\lf2-ai-scriptengine\release\scriptmath.obj
d:\new folder\lf2-ai-scriptengine-master\lf2-ai-scriptengine\release\scriptmath3d.obj
d:\new folder\lf2-ai-scriptengine-master\lf2-ai-scriptengine\release\scriptmathcomplex.obj
d:\new folder\lf2-ai-scriptengine-master\lf2-ai-scriptengine\release\scriptstdstring.obj
d:\new folder\lf2-ai-scriptengine-master\lf2-ai-scriptengine\release\scriptstdstring_utils.obj
d:\new folder\lf2-ai-scriptengine-master\lf2-ai-scriptengine\release\ddwrapper.exp
d:\new folder\lf2-ai-scriptengine-master\lf2-ai-scriptengine\release\vc141.pdb
d:\new folder\lf2-ai-scriptengine-master\lf2-ai-scriptengine\release\ddraw.dll
d:\new folder\lf2-ai-scriptengine-master\lf2-ai-scriptengine\release\ddwrapper.tlog\cl.command.1.tlog
d:\new folder\lf2-ai-scriptengine-master\lf2-ai-scriptengine\release\ddwrapper.tlog\cl.read.1.tlog
d:\new folder\lf2-ai-scriptengine-master\lf2-ai-scriptengine\release\ddwrapper.tlog\cl.write.1.tlog
d:\new folder\lf2-ai-scriptengine-master\lf2-ai-scriptengine\release\ddwrapper.tlog\ddwrapper.write.1u.tlog
d:\new folder\lf2-ai-scriptengine-master\lf2-ai-scriptengine\release\ddwrapper.tlog\link.command.1.tlog
d:\new folder\lf2-ai-scriptengine-master\lf2-ai-scriptengine\release\ddwrapper.tlog\link.read.1.tlog
d:\new folder\lf2-ai-scriptengine-master\lf2-ai-scriptengine\release\ddwrapper.tlog\link.write.1.tlog
