  scriptarray.cpp
  scriptbuilder.cpp
  scriptmath3d.cpp
  scriptmath.cpp
  scriptmathcomplex.cpp
  scriptstdstring.cpp
  scriptstdstring_utils.cpp
  ddwrapper.cpp
d:\new folder\lf2-ai-scriptengine-master\lf2-ai-scriptengine\ddwrapper.cpp(501): warning C4477: 'printf' : format string '%ld' requires an argument of type 'long', but variadic argument 1 has type '__int64'
  d:\new folder\lf2-ai-scriptengine-master\lf2-ai-scriptengine\ddwrapper.cpp(501): note: consider using '%lld' in the format string
  d:\new folder\lf2-ai-scriptengine-master\lf2-ai-scriptengine\ddwrapper.cpp(501): note: consider using '%I64d' in the format string
d:\new folder\lf2-ai-scriptengine-master\lf2-ai-scriptengine\ddwrapper.cpp(514): warning C4477: 'printf' : format string '%lu' requires an argument of type 'unsigned long', but variadic argument 1 has type 'unsigned __int64'
  d:\new folder\lf2-ai-scriptengine-master\lf2-ai-scriptengine\ddwrapper.cpp(514): note: consider using '%llu' in the format string
  d:\new folder\lf2-ai-scriptengine-master\lf2-ai-scriptengine\ddwrapper.cpp(514): note: consider using '%I64u' in the format string
  gamearrays.cpp
  gameenums.cpp
  myIDDraw7.cpp
  myIDDrawPalette.cpp
  Generating Code...
     Creating library Release\ddwrapper.lib and object Release\ddwrapper.exp
  Generating code
  Finished generating code
  ddwrapper.vcxproj -> D:\New folder\lf2-ai-scriptengine-master\lf2-ai-scriptengine\Release\ddraw.dll
